<?xml version="1.0" encoding="UTF-8"?>
<coverage generated="1563391908033" clover="3.2.0">
  <project timestamp="1563391908038" name="All files">
    <metrics statements="34" coveredstatements="34" conditionals="11" coveredconditionals="11" methods="10" coveredmethods="10" elements="55" coveredelements="55" complexity="0" loc="34" ncloc="34" packages="1" files="1" classes="1"/>
    <file name="index.js" path="/Users/ryansmith/Documents/dev/front_end_web/String_lib/index.js">
      <metrics statements="34" coveredstatements="34" conditionals="11" coveredconditionals="11" methods="10" coveredmethods="10"/>
      <line num="10" count="1" type="stmt"/>
      <line num="11" count="8" type="cond" truecount="2" falsecount="0"/>
      <line num="12" count="1" type="stmt"/>
      <line num="14" count="7" type="stmt"/>
      <line num="24" count="1" type="stmt"/>
      <line num="25" count="2" type="cond" truecount="2" falsecount="0"/>
      <line num="26" count="1" type="stmt"/>
      <line num="28" count="1" type="stmt"/>
      <line num="37" count="1" type="stmt"/>
      <line num="38" count="4" type="stmt"/>
      <line num="39" count="1" type="stmt"/>
      <line num="49" count="1" type="stmt"/>
      <line num="50" count="1" type="stmt"/>
      <line num="51" count="1" type="stmt"/>
      <line num="52" count="4" type="cond" truecount="2" falsecount="0"/>
      <line num="53" count="2" type="stmt"/>
      <line num="56" count="2" type="stmt"/>
      <line num="59" count="1" type="stmt"/>
      <line num="69" count="1" type="stmt"/>
      <line num="70" count="1" type="stmt"/>
      <line num="71" count="1" type="stmt"/>
      <line num="72" count="4" type="cond" truecount="2" falsecount="0"/>
      <line num="73" count="2" type="stmt"/>
      <line num="76" count="2" type="stmt"/>
      <line num="79" count="1" type="stmt"/>
      <line num="89" count="1" type="cond" truecount="1" falsecount="0"/>
      <line num="90" count="2" type="stmt"/>
      <line num="100" count="1" type="stmt"/>
      <line num="101" count="1" type="stmt"/>
      <line num="111" count="1" type="stmt"/>
      <line num="112" count="1" type="stmt"/>
      <line num="114" count="2" type="cond" truecount="2" falsecount="0"/>
      <line num="115" count="1" type="stmt"/>
      <line num="119" count="1" type="stmt"/>
    </file>
  </project>
</coverage>
