{"/Users/ryansmith/Documents/dev/front_end_web/String_lib/index.js": {"path":"/Users/ryansmith/Documents/dev/front_end_web/String_lib/index.js","statementMap":{"0":{"start":{"line":10,"column":0},"end":{"line":15,"column":2}},"1":{"start":{"line":11,"column":4},"end":{"line":13,"column":5}},"2":{"start":{"line":12,"column":8},"end":{"line":12,"column":18}},"3":{"start":{"line":14,"column":4},"end":{"line":14,"column":56}},"4":{"start":{"line":24,"column":0},"end":{"line":29,"column":1}},"5":{"start":{"line":25,"column":4},"end":{"line":27,"column":5}},"6":{"start":{"line":26,"column":8},"end":{"line":26,"column":18}},"7":{"start":{"line":28,"column":4},"end":{"line":28,"column":30}},"8":{"start":{"line":37,"column":0},"end":{"line":40,"column":1}},"9":{"start":{"line":38,"column":21},"end":{"line":38,"column":71}},"10":{"start":{"line":38,"column":49},"end":{"line":38,"column":70}},"11":{"start":{"line":39,"column":4},"end":{"line":39,"column":31}},"12":{"start":{"line":49,"column":0},"end":{"line":60,"column":1}},"13":{"start":{"line":50,"column":20},"end":{"line":50,"column":22}},"14":{"start":{"line":51,"column":4},"end":{"line":58,"column":5}},"15":{"start":{"line":52,"column":8},"end":{"line":57,"column":9}},"16":{"start":{"line":53,"column":12},"end":{"line":53,"column":47}},"17":{"start":{"line":56,"column":12},"end":{"line":56,"column":47}},"18":{"start":{"line":59,"column":4},"end":{"line":59,"column":21}},"19":{"start":{"line":69,"column":0},"end":{"line":80,"column":1}},"20":{"start":{"line":70,"column":20},"end":{"line":70,"column":22}},"21":{"start":{"line":71,"column":4},"end":{"line":78,"column":5}},"22":{"start":{"line":72,"column":8},"end":{"line":77,"column":9}},"23":{"start":{"line":73,"column":12},"end":{"line":73,"column":47}},"24":{"start":{"line":76,"column":12},"end":{"line":76,"column":47}},"25":{"start":{"line":79,"column":4},"end":{"line":79,"column":21}},"26":{"start":{"line":89,"column":0},"end":{"line":91,"column":1}},"27":{"start":{"line":90,"column":4},"end":{"line":90,"column":32}},"28":{"start":{"line":100,"column":0},"end":{"line":102,"column":1}},"29":{"start":{"line":101,"column":4},"end":{"line":101,"column":38}},"30":{"start":{"line":111,"column":0},"end":{"line":122,"column":1}},"31":{"start":{"line":112,"column":4},"end":{"line":121,"column":15}},"32":{"start":{"line":114,"column":8},"end":{"line":120,"column":9}},"33":{"start":{"line":115,"column":12},"end":{"line":115,"column":38}},"34":{"start":{"line":119,"column":12},"end":{"line":119,"column":77}}},"fnMap":{"0":{"name":"(anonymous_0)","decl":{"start":{"line":10,"column":34},"end":{"line":10,"column":35}},"loc":{"start":{"line":10,"column":46},"end":{"line":15,"column":2}},"line":10},"1":{"name":"(anonymous_1)","decl":{"start":{"line":24,"column":27},"end":{"line":24,"column":28}},"loc":{"start":{"line":24,"column":39},"end":{"line":29,"column":1}},"line":24},"2":{"name":"(anonymous_2)","decl":{"start":{"line":37,"column":33},"end":{"line":37,"column":34}},"loc":{"start":{"line":37,"column":45},"end":{"line":40,"column":1}},"line":37},"3":{"name":"(anonymous_3)","decl":{"start":{"line":38,"column":41},"end":{"line":38,"column":42}},"loc":{"start":{"line":38,"column":49},"end":{"line":38,"column":70}},"line":38},"4":{"name":"(anonymous_4)","decl":{"start":{"line":49,"column":27},"end":{"line":49,"column":28}},"loc":{"start":{"line":49,"column":39},"end":{"line":60,"column":1}},"line":49},"5":{"name":"(anonymous_5)","decl":{"start":{"line":69,"column":28},"end":{"line":69,"column":29}},"loc":{"start":{"line":69,"column":40},"end":{"line":80,"column":1}},"line":69},"6":{"name":"(anonymous_6)","decl":{"start":{"line":89,"column":37},"end":{"line":89,"column":38}},"loc":{"start":{"line":89,"column":55},"end":{"line":91,"column":1}},"line":89},"7":{"name":"(anonymous_7)","decl":{"start":{"line":100,"column":30},"end":{"line":100,"column":31}},"loc":{"start":{"line":100,"column":42},"end":{"line":102,"column":1}},"line":100},"8":{"name":"(anonymous_8)","decl":{"start":{"line":111,"column":29},"end":{"line":111,"column":30}},"loc":{"start":{"line":111,"column":41},"end":{"line":122,"column":1}},"line":111},"9":{"name":"(anonymous_9)","decl":{"start":{"line":112,"column":31},"end":{"line":112,"column":32}},"loc":{"start":{"line":112,"column":53},"end":{"line":121,"column":5}},"line":112}},"branchMap":{"0":{"loc":{"start":{"line":11,"column":4},"end":{"line":13,"column":5}},"type":"if","locations":[{"start":{"line":11,"column":4},"end":{"line":13,"column":5}},{"start":{"line":11,"column":4},"end":{"line":13,"column":5}}],"line":11},"1":{"loc":{"start":{"line":25,"column":4},"end":{"line":27,"column":5}},"type":"if","locations":[{"start":{"line":25,"column":4},"end":{"line":27,"column":5}},{"start":{"line":25,"column":4},"end":{"line":27,"column":5}}],"line":25},"2":{"loc":{"start":{"line":52,"column":8},"end":{"line":57,"column":9}},"type":"if","locations":[{"start":{"line":52,"column":8},"end":{"line":57,"column":9}},{"start":{"line":52,"column":8},"end":{"line":57,"column":9}}],"line":52},"3":{"loc":{"start":{"line":72,"column":8},"end":{"line":77,"column":9}},"type":"if","locations":[{"start":{"line":72,"column":8},"end":{"line":77,"column":9}},{"start":{"line":72,"column":8},"end":{"line":77,"column":9}}],"line":72},"4":{"loc":{"start":{"line":89,"column":47},"end":{"line":89,"column":53}},"type":"default-arg","locations":[{"start":{"line":89,"column":51},"end":{"line":89,"column":53}}],"line":89},"5":{"loc":{"start":{"line":114,"column":8},"end":{"line":120,"column":9}},"type":"if","locations":[{"start":{"line":114,"column":8},"end":{"line":120,"column":9}},{"start":{"line":114,"column":8},"end":{"line":120,"column":9}}],"line":114}},"s":{"0":1,"1":8,"2":1,"3":7,"4":1,"5":2,"6":1,"7":1,"8":1,"9":1,"10":4,"11":1,"12":1,"13":1,"14":1,"15":4,"16":2,"17":2,"18":1,"19":1,"20":1,"21":1,"22":4,"23":2,"24":2,"25":1,"26":1,"27":2,"28":1,"29":1,"30":1,"31":1,"32":2,"33":1,"34":1},"f":{"0":8,"1":2,"2":1,"3":4,"4":1,"5":1,"6":2,"7":1,"8":1,"9":2},"b":{"0":[1,7],"1":[1,1],"2":[2,2],"3":[2,2],"4":[1],"5":[1,1]},"_coverageSchema":"43e27e138ebf9cfc5966b082cf9a028302ed4184","hash":"45c862916f232568a6a0b14e2ecfe77006fb95ef"}
}
