{"/Users/ryansmith/Documents/dev/front_end_web/String_lib/umd/index.js": {"path":"/Users/ryansmith/Documents/dev/front_end_web/String_lib/umd/index.js","statementMap":{"0":{"start":{"line":1,"column":0},"end":{"line":1,"column":1485}},"1":{"start":{"line":1,"column":13},"end":{"line":1,"column":64}},"2":{"start":{"line":1,"column":90},"end":{"line":1,"column":1482}},"3":{"start":{"line":1,"column":133},"end":{"line":1,"column":201}},"4":{"start":{"line":1,"column":239},"end":{"line":1,"column":283}},"5":{"start":{"line":1,"column":327},"end":{"line":1,"column":386}},"6":{"start":{"line":1,"column":357},"end":{"line":1,"column":375}},"7":{"start":{"line":1,"column":430},"end":{"line":1,"column":432}},"8":{"start":{"line":1,"column":433},"end":{"line":1,"column":517}},"9":{"start":{"line":1,"column":443},"end":{"line":1,"column":444}},"10":{"start":{"line":1,"column":463},"end":{"line":1,"column":517}},"11":{"start":{"line":1,"column":517},"end":{"line":1,"column":525}},"12":{"start":{"line":1,"column":570},"end":{"line":1,"column":572}},"13":{"start":{"line":1,"column":573},"end":{"line":1,"column":657}},"14":{"start":{"line":1,"column":583},"end":{"line":1,"column":584}},"15":{"start":{"line":1,"column":603},"end":{"line":1,"column":657}},"16":{"start":{"line":1,"column":657},"end":{"line":1,"column":665}},"17":{"start":{"line":1,"column":717},"end":{"line":1,"column":745}},"18":{"start":{"line":1,"column":786},"end":{"line":1,"column":820}},"19":{"start":{"line":1,"column":860},"end":{"line":1,"column":990}},"20":{"start":{"line":1,"column":901},"end":{"line":1,"column":979}},"21":{"start":{"line":1,"column":1036},"end":{"line":1,"column":1389}},"22":{"start":{"line":1,"column":1396},"end":{"line":1,"column":1398}},"23":{"start":{"line":1,"column":1399},"end":{"line":1,"column":1424}},"24":{"start":{"line":1,"column":1414},"end":{"line":1,"column":1424}},"25":{"start":{"line":1,"column":1430},"end":{"line":1,"column":1461}},"26":{"start":{"line":1,"column":1462},"end":{"line":1,"column":1481}}},"fnMap":{"0":{"name":"(anonymous_0)","decl":{"start":{"line":1,"column":1},"end":{"line":1,"column":2}},"loc":{"start":{"line":1,"column":12},"end":{"line":1,"column":65}},"line":1},"1":{"name":"(anonymous_1)","decl":{"start":{"line":1,"column":66},"end":{"line":1,"column":67}},"loc":{"start":{"line":1,"column":76},"end":{"line":1,"column":1483}},"line":1},"2":{"name":"(anonymous_2)","decl":{"start":{"line":1,"column":122},"end":{"line":1,"column":123}},"loc":{"start":{"line":1,"column":132},"end":{"line":1,"column":202}},"line":1},"3":{"name":"(anonymous_3)","decl":{"start":{"line":1,"column":228},"end":{"line":1,"column":229}},"loc":{"start":{"line":1,"column":238},"end":{"line":1,"column":284}},"line":1},"4":{"name":"(anonymous_4)","decl":{"start":{"line":1,"column":316},"end":{"line":1,"column":317}},"loc":{"start":{"line":1,"column":326},"end":{"line":1,"column":387}},"line":1},"5":{"name":"(anonymous_5)","decl":{"start":{"line":1,"column":354},"end":{"line":1,"column":355}},"loc":{"start":{"line":1,"column":357},"end":{"line":1,"column":375}},"line":1},"6":{"name":"(anonymous_6)","decl":{"start":{"line":1,"column":413},"end":{"line":1,"column":414}},"loc":{"start":{"line":1,"column":423},"end":{"line":1,"column":526}},"line":1},"7":{"name":"(anonymous_7)","decl":{"start":{"line":1,"column":553},"end":{"line":1,"column":554}},"loc":{"start":{"line":1,"column":563},"end":{"line":1,"column":666}},"line":1},"8":{"name":"(anonymous_8)","decl":{"start":{"line":1,"column":702},"end":{"line":1,"column":703}},"loc":{"start":{"line":1,"column":716},"end":{"line":1,"column":746}},"line":1},"9":{"name":"(anonymous_9)","decl":{"start":{"line":1,"column":775},"end":{"line":1,"column":776}},"loc":{"start":{"line":1,"column":785},"end":{"line":1,"column":821}},"line":1},"10":{"name":"(anonymous_10)","decl":{"start":{"line":1,"column":849},"end":{"line":1,"column":850}},"loc":{"start":{"line":1,"column":859},"end":{"line":1,"column":991}},"line":1},"11":{"name":"(anonymous_11)","decl":{"start":{"line":1,"column":887},"end":{"line":1,"column":888}},"loc":{"start":{"line":1,"column":900},"end":{"line":1,"column":980}},"line":1},"12":{"name":"(anonymous_12)","decl":{"start":{"line":1,"column":1017},"end":{"line":1,"column":1018}},"loc":{"start":{"line":1,"column":1027},"end":{"line":1,"column":1482}},"line":1}},"branchMap":{"0":{"loc":{"start":{"line":1,"column":13},"end":{"line":1,"column":64}},"type":"cond-expr","locations":[{"start":{"line":1,"column":51},"end":{"line":1,"column":60}},{"start":{"line":1,"column":61},"end":{"line":1,"column":64}}],"line":1},"1":{"loc":{"start":{"line":1,"column":13},"end":{"line":1,"column":50}},"type":"binary-expr","locations":[{"start":{"line":1,"column":13},"end":{"line":1,"column":38}},{"start":{"line":1,"column":40},"end":{"line":1,"column":50}}],"line":1},"2":{"loc":{"start":{"line":1,"column":140},"end":{"line":1,"column":201}},"type":"cond-expr","locations":[{"start":{"line":1,"column":156},"end":{"line":1,"column":158}},{"start":{"line":1,"column":159},"end":{"line":1,"column":201}}],"line":1},"3":{"loc":{"start":{"line":1,"column":246},"end":{"line":1,"column":283}},"type":"cond-expr","locations":[{"start":{"line":1,"column":262},"end":{"line":1,"column":264}},{"start":{"line":1,"column":265},"end":{"line":1,"column":283}}],"line":1},"4":{"loc":{"start":{"line":1,"column":466},"end":{"line":1,"column":516}},"type":"cond-expr","locations":[{"start":{"line":1,"column":473},"end":{"line":1,"column":494}},{"start":{"line":1,"column":495},"end":{"line":1,"column":516}}],"line":1},"5":{"loc":{"start":{"line":1,"column":606},"end":{"line":1,"column":656}},"type":"cond-expr","locations":[{"start":{"line":1,"column":613},"end":{"line":1,"column":634}},{"start":{"line":1,"column":635},"end":{"line":1,"column":656}}],"line":1},"6":{"loc":{"start":{"line":1,"column":711},"end":{"line":1,"column":715}},"type":"default-arg","locations":[{"start":{"line":1,"column":713},"end":{"line":1,"column":715}}],"line":1},"7":{"loc":{"start":{"line":1,"column":908},"end":{"line":1,"column":979}},"type":"cond-expr","locations":[{"start":{"line":1,"column":913},"end":{"line":1,"column":928}},{"start":{"line":1,"column":929},"end":{"line":1,"column":979}}],"line":1}},"s":{"0":1,"1":1,"2":1,"3":8,"4":2,"5":1,"6":4,"7":1,"8":1,"9":1,"10":4,"11":1,"12":1,"13":1,"14":1,"15":4,"16":1,"17":2,"18":1,"19":1,"20":2,"21":0,"22":0,"23":0,"24":0,"25":0,"26":0},"f":{"0":1,"1":1,"2":8,"3":2,"4":1,"5":4,"6":1,"7":1,"8":2,"9":1,"10":1,"11":2,"12":0},"b":{"0":[0,1],"1":[1,0],"2":[1,7],"3":[1,1],"4":[2,2],"5":[2,2],"6":[1],"7":[1,1]},"_coverageSchema":"43e27e138ebf9cfc5966b082cf9a028302ed4184","hash":"d67c04f474c1c2fd5a966c2f7acafba27a641555"}
}
