TN:
SF:/Users/ryansmith/Documents/dev/front_end_web/String_lib/index.js
FN:10,(anonymous_0)
FN:24,(anonymous_1)
FN:37,(anonymous_2)
FN:38,(anonymous_3)
FN:49,(anonymous_4)
FN:69,(anonymous_5)
FN:89,(anonymous_6)
FN:100,(anonymous_7)
FN:111,(anonymous_8)
FN:112,(anonymous_9)
FNF:10
FNH:10
FNDA:8,(anonymous_0)
FNDA:2,(anonymous_1)
FNDA:1,(anonymous_2)
FNDA:4,(anonymous_3)
FNDA:1,(anonymous_4)
FNDA:1,(anonymous_5)
FNDA:2,(anonymous_6)
FNDA:1,(anonymous_7)
FNDA:1,(anonymous_8)
FNDA:2,(anonymous_9)
DA:10,1
DA:11,8
DA:12,1
DA:14,7
DA:24,1
DA:25,2
DA:26,1
DA:28,1
DA:37,1
DA:38,4
DA:39,1
DA:49,1
DA:50,1
DA:51,1
DA:52,4
DA:53,2
DA:56,2
DA:59,1
DA:69,1
DA:70,1
DA:71,1
DA:72,4
DA:73,2
DA:76,2
DA:79,1
DA:89,1
DA:90,2
DA:100,1
DA:101,1
DA:111,1
DA:112,1
DA:114,2
DA:115,1
DA:119,1
LF:34
LH:34
BRDA:11,0,0,1
BRDA:11,0,1,7
BRDA:25,1,0,1
BRDA:25,1,1,1
BRDA:52,2,0,2
BRDA:52,2,1,2
BRDA:72,3,0,2
BRDA:72,3,1,2
BRDA:89,4,0,1
BRDA:114,5,0,1
BRDA:114,5,1,1
BRF:11
BRH:11
end_of_record
