TN:
SF:/Users/ryansmith/Documents/dev/front_end_web/String_lib/umd/index.js
FN:1,(anonymous_0)
FN:4,(anonymous_1)
FN:15,(anonymous_2)
FN:29,(anonymous_3)
FN:42,(anonymous_4)
FN:43,(anonymous_5)
FN:54,(anonymous_6)
FN:74,(anonymous_7)
FN:94,(anonymous_8)
FN:105,(anonymous_9)
FN:116,(anonymous_10)
FN:117,(anonymous_11)
FN:134,(anonymous_12)
FNF:13
FNH:12
FNDA:1,(anonymous_0)
FNDA:1,(anonymous_1)
FNDA:8,(anonymous_2)
FNDA:2,(anonymous_3)
FNDA:1,(anonymous_4)
FNDA:4,(anonymous_5)
FNDA:1,(anonymous_6)
FNDA:1,(anonymous_7)
FNDA:2,(anonymous_8)
FNDA:1,(anonymous_9)
FNDA:1,(anonymous_10)
FNDA:2,(anonymous_11)
FNDA:0,(anonymous_12)
DA:1,1
DA:2,1
DA:15,1
DA:16,8
DA:17,1
DA:19,7
DA:29,1
DA:30,2
DA:31,1
DA:33,1
DA:42,1
DA:43,4
DA:44,1
DA:54,1
DA:55,1
DA:56,1
DA:57,4
DA:58,2
DA:61,2
DA:64,1
DA:74,1
DA:75,1
DA:76,1
DA:77,4
DA:78,2
DA:81,2
DA:84,1
DA:94,1
DA:95,2
DA:105,1
DA:106,1
DA:116,1
DA:117,1
DA:119,2
DA:120,1
DA:124,1
DA:134,1
DA:135,0
DA:160,0
DA:161,0
DA:163,0
DA:167,0
DA:170,0
DA:171,0
LF:44
LH:37
BRDA:2,0,0,0
BRDA:2,0,1,1
BRDA:2,1,0,1
BRDA:2,1,1,0
BRDA:16,2,0,1
BRDA:16,2,1,7
BRDA:30,3,0,1
BRDA:30,3,1,1
BRDA:57,4,0,2
BRDA:57,4,1,2
BRDA:77,5,0,2
BRDA:77,5,1,2
BRDA:94,6,0,1
BRDA:119,7,0,1
BRDA:119,7,1,1
BRF:15
BRH:13
end_of_record
